2019-05-13 20:25:28,529 0      [           main] DEBUG ache.ibatis.logging.LogFactory  - Logging initialized using 'class org.apache.ibatis.logging.log4j.Log4jImpl' adapter.
2019-05-13 20:25:28,579 50     [           main] DEBUG source.pooled.PooledDataSource  - PooledDataSource forcefully closed/removed all connections.
2019-05-13 20:25:28,579 50     [           main] DEBUG source.pooled.PooledDataSource  - PooledDataSource forcefully closed/removed all connections.
2019-05-13 20:25:28,579 50     [           main] DEBUG source.pooled.PooledDataSource  - PooledDataSource forcefully closed/removed all connections.
2019-05-13 20:25:28,579 50     [           main] DEBUG source.pooled.PooledDataSource  - PooledDataSource forcefully closed/removed all connections.
2019-05-13 20:31:15,632 0      [           main] DEBUG ache.ibatis.logging.LogFactory  - Logging initialized using 'class org.apache.ibatis.logging.log4j.Log4jImpl' adapter.
2019-05-13 20:31:15,656 24     [           main] DEBUG source.pooled.PooledDataSource  - PooledDataSource forcefully closed/removed all connections.
2019-05-13 20:31:15,657 25     [           main] DEBUG source.pooled.PooledDataSource  - PooledDataSource forcefully closed/removed all connections.
2019-05-13 20:31:15,657 25     [           main] DEBUG source.pooled.PooledDataSource  - PooledDataSource forcefully closed/removed all connections.
2019-05-13 20:31:15,657 25     [           main] DEBUG source.pooled.PooledDataSource  - PooledDataSource forcefully closed/removed all connections.
2019-05-13 20:31:15,962 330    [           main] DEBUG ansaction.jdbc.JdbcTransaction  - Opening JDBC Connection
2019-05-13 20:31:17,742 2110   [           main] DEBUG source.pooled.PooledDataSource  - Created connection 14759236.
2019-05-13 20:31:17,743 2111   [           main] DEBUG ansaction.jdbc.JdbcTransaction  - Setting autocommit to false on JDBC Connection [com.mysql.cj.jdbc.ConnectionImpl@e13544]
2019-05-13 20:31:17,753 2121   [           main] DEBUG uixiaofei.dao.IUserDao.findAll  - ==>  Preparing: select * from user; 
2019-05-13 20:31:17,776 2144   [           main] DEBUG uixiaofei.dao.IUserDao.findAll  - ==> Parameters: 
2019-05-13 20:31:17,809 2177   [           main] DEBUG uixiaofei.dao.IUserDao.findAll  - <==      Total: 6
2019-05-13 20:31:17,810 2178   [           main] DEBUG ansaction.jdbc.JdbcTransaction  - Resetting autocommit to true on JDBC Connection [com.mysql.cj.jdbc.ConnectionImpl@e13544]
2019-05-13 20:31:17,811 2179   [           main] DEBUG ansaction.jdbc.JdbcTransaction  - Closing JDBC Connection [com.mysql.cj.jdbc.ConnectionImpl@e13544]
2019-05-13 20:31:17,811 2179   [           main] DEBUG source.pooled.PooledDataSource  - Returned connection 14759236 to pool.
2019-05-13 20:52:23,351 0      [           main] DEBUG ache.ibatis.logging.LogFactory  - Logging initialized using 'class org.apache.ibatis.logging.log4j.Log4jImpl' adapter.
2019-05-13 20:52:23,364 13     [           main] DEBUG source.pooled.PooledDataSource  - PooledDataSource forcefully closed/removed all connections.
2019-05-13 20:52:23,364 13     [           main] DEBUG source.pooled.PooledDataSource  - PooledDataSource forcefully closed/removed all connections.
2019-05-13 20:52:23,364 13     [           main] DEBUG source.pooled.PooledDataSource  - PooledDataSource forcefully closed/removed all connections.
2019-05-13 20:52:23,364 13     [           main] DEBUG source.pooled.PooledDataSource  - PooledDataSource forcefully closed/removed all connections.
2019-05-13 20:53:16,730 1      [           main] DEBUG ache.ibatis.logging.LogFactory  - Logging initialized using 'class org.apache.ibatis.logging.log4j.Log4jImpl' adapter.
2019-05-13 20:53:16,744 15     [           main] DEBUG source.pooled.PooledDataSource  - PooledDataSource forcefully closed/removed all connections.
2019-05-13 20:53:16,744 15     [           main] DEBUG source.pooled.PooledDataSource  - PooledDataSource forcefully closed/removed all connections.
2019-05-13 20:53:16,744 15     [           main] DEBUG source.pooled.PooledDataSource  - PooledDataSource forcefully closed/removed all connections.
2019-05-13 20:53:16,744 15     [           main] DEBUG source.pooled.PooledDataSource  - PooledDataSource forcefully closed/removed all connections.
2019-05-13 20:53:16,824 95     [           main] DEBUG ansaction.jdbc.JdbcTransaction  - Opening JDBC Connection
2019-05-13 20:53:17,634 905    [           main] DEBUG source.pooled.PooledDataSource  - Created connection 13732217.
2019-05-13 20:53:17,634 905    [           main] DEBUG ansaction.jdbc.JdbcTransaction  - Setting autocommit to false on JDBC Connection [com.mysql.cj.jdbc.ConnectionImpl@d18979]
2019-05-13 20:53:17,638 909    [           main] DEBUG uixiaofei.dao.IUserDao.findAll  - ==>  Preparing: select * from user; 
2019-05-13 20:53:17,662 933    [           main] DEBUG uixiaofei.dao.IUserDao.findAll  - ==> Parameters: 
2019-05-13 20:53:17,683 954    [           main] DEBUG uixiaofei.dao.IUserDao.findAll  - <==      Total: 6
2019-05-13 20:53:17,685 956    [           main] DEBUG ansaction.jdbc.JdbcTransaction  - Resetting autocommit to true on JDBC Connection [com.mysql.cj.jdbc.ConnectionImpl@d18979]
2019-05-13 20:53:17,686 957    [           main] DEBUG ansaction.jdbc.JdbcTransaction  - Closing JDBC Connection [com.mysql.cj.jdbc.ConnectionImpl@d18979]
2019-05-13 20:53:17,686 957    [           main] DEBUG source.pooled.PooledDataSource  - Returned connection 13732217 to pool.
2019-05-13 20:55:24,573 0      [           main] DEBUG ache.ibatis.logging.LogFactory  - Logging initialized using 'class org.apache.ibatis.logging.log4j.Log4jImpl' adapter.
2019-05-13 20:55:24,585 12     [           main] DEBUG source.pooled.PooledDataSource  - PooledDataSource forcefully closed/removed all connections.
2019-05-13 20:55:24,585 12     [           main] DEBUG source.pooled.PooledDataSource  - PooledDataSource forcefully closed/removed all connections.
2019-05-13 20:55:24,585 12     [           main] DEBUG source.pooled.PooledDataSource  - PooledDataSource forcefully closed/removed all connections.
2019-05-13 20:55:24,585 12     [           main] DEBUG source.pooled.PooledDataSource  - PooledDataSource forcefully closed/removed all connections.
2019-05-13 20:55:24,664 91     [           main] DEBUG ansaction.jdbc.JdbcTransaction  - Opening JDBC Connection
2019-05-13 20:55:25,521 948    [           main] DEBUG source.pooled.PooledDataSource  - Created connection 25745592.
2019-05-13 20:55:25,521 948    [           main] DEBUG ansaction.jdbc.JdbcTransaction  - Setting autocommit to false on JDBC Connection [com.mysql.cj.jdbc.ConnectionImpl@188d8b8]
2019-05-13 20:55:25,524 951    [           main] DEBUG ixiaofei.dao.IUserDao.saveUser  - ==>  Preparing: insert into user(username,address,sex,birthday) value (?,?,?,?); 
2019-05-13 20:55:25,583 1010   [           main] DEBUG ixiaofei.dao.IUserDao.saveUser  - ==> Parameters: mybatis saveuser(String), 北京市顺义区(String), 男(String), 2019-05-13 20:55:24.651(Timestamp)
2019-05-13 20:55:25,611 1038   [           main] DEBUG ixiaofei.dao.IUserDao.saveUser  - <==    Updates: 1
2019-05-13 20:55:25,611 1038   [           main] DEBUG ansaction.jdbc.JdbcTransaction  - Committing JDBC Connection [com.mysql.cj.jdbc.ConnectionImpl@188d8b8]
2019-05-13 20:55:25,643 1070   [           main] DEBUG ansaction.jdbc.JdbcTransaction  - Resetting autocommit to true on JDBC Connection [com.mysql.cj.jdbc.ConnectionImpl@188d8b8]
2019-05-13 20:55:25,644 1071   [           main] DEBUG ansaction.jdbc.JdbcTransaction  - Closing JDBC Connection [com.mysql.cj.jdbc.ConnectionImpl@188d8b8]
2019-05-13 20:55:25,644 1071   [           main] DEBUG source.pooled.PooledDataSource  - Returned connection 25745592 to pool.
2019-05-13 21:03:19,745 0      [           main] DEBUG ache.ibatis.logging.LogFactory  - Logging initialized using 'class org.apache.ibatis.logging.log4j.Log4jImpl' adapter.
2019-05-13 21:03:19,757 12     [           main] DEBUG source.pooled.PooledDataSource  - PooledDataSource forcefully closed/removed all connections.
2019-05-13 21:03:19,757 12     [           main] DEBUG source.pooled.PooledDataSource  - PooledDataSource forcefully closed/removed all connections.
2019-05-13 21:03:19,757 12     [           main] DEBUG source.pooled.PooledDataSource  - PooledDataSource forcefully closed/removed all connections.
2019-05-13 21:03:19,757 12     [           main] DEBUG source.pooled.PooledDataSource  - PooledDataSource forcefully closed/removed all connections.
2019-05-13 21:03:19,835 90     [           main] DEBUG ansaction.jdbc.JdbcTransaction  - Opening JDBC Connection
2019-05-13 21:03:20,627 882    [           main] DEBUG source.pooled.PooledDataSource  - Created connection 25745592.
2019-05-13 21:03:20,627 882    [           main] DEBUG ansaction.jdbc.JdbcTransaction  - Setting autocommit to false on JDBC Connection [com.mysql.cj.jdbc.ConnectionImpl@188d8b8]
2019-05-13 21:03:20,630 885    [           main] DEBUG iaofei.dao.IUserDao.updateUser  - ==>  Preparing: update user set username = ?,address = ?,sex = ?,birthday = ? where id = ? 
2019-05-13 21:03:20,657 912    [           main] DEBUG iaofei.dao.IUserDao.updateUser  - ==> Parameters: mybatis Update user(String), 北京市顺义区(String), 女(String), 2019-05-13 21:03:19.822(Timestamp), 50(Integer)
2019-05-13 21:03:20,664 919    [           main] DEBUG iaofei.dao.IUserDao.updateUser  - <==    Updates: 0
2019-05-13 21:03:20,664 919    [           main] DEBUG ansaction.jdbc.JdbcTransaction  - Committing JDBC Connection [com.mysql.cj.jdbc.ConnectionImpl@188d8b8]
2019-05-13 21:03:20,665 920    [           main] DEBUG ansaction.jdbc.JdbcTransaction  - Resetting autocommit to true on JDBC Connection [com.mysql.cj.jdbc.ConnectionImpl@188d8b8]
2019-05-13 21:03:20,665 920    [           main] DEBUG ansaction.jdbc.JdbcTransaction  - Closing JDBC Connection [com.mysql.cj.jdbc.ConnectionImpl@188d8b8]
2019-05-13 21:03:20,665 920    [           main] DEBUG source.pooled.PooledDataSource  - Returned connection 25745592 to pool.
2019-05-13 21:04:33,340 0      [           main] DEBUG ache.ibatis.logging.LogFactory  - Logging initialized using 'class org.apache.ibatis.logging.log4j.Log4jImpl' adapter.
2019-05-13 21:04:33,353 13     [           main] DEBUG source.pooled.PooledDataSource  - PooledDataSource forcefully closed/removed all connections.
2019-05-13 21:04:33,353 13     [           main] DEBUG source.pooled.PooledDataSource  - PooledDataSource forcefully closed/removed all connections.
2019-05-13 21:04:33,354 14     [           main] DEBUG source.pooled.PooledDataSource  - PooledDataSource forcefully closed/removed all connections.
2019-05-13 21:04:33,354 14     [           main] DEBUG source.pooled.PooledDataSource  - PooledDataSource forcefully closed/removed all connections.
2019-05-13 21:04:33,434 94     [           main] DEBUG ansaction.jdbc.JdbcTransaction  - Opening JDBC Connection
2019-05-13 21:04:34,199 859    [           main] DEBUG source.pooled.PooledDataSource  - Created connection 25745592.
2019-05-13 21:04:34,199 859    [           main] DEBUG ansaction.jdbc.JdbcTransaction  - Setting autocommit to false on JDBC Connection [com.mysql.cj.jdbc.ConnectionImpl@188d8b8]
2019-05-13 21:04:34,203 863    [           main] DEBUG iaofei.dao.IUserDao.updateUser  - ==>  Preparing: update user set username = ?,address = ?,sex = ?,birthday = ? where id = ? 
2019-05-13 21:04:34,225 885    [           main] DEBUG iaofei.dao.IUserDao.updateUser  - ==> Parameters: mybatis Update user(String), 北京市顺义区(String), 女(String), 2019-05-13 21:04:33.421(Timestamp), 49(Integer)
2019-05-13 21:04:34,231 891    [           main] DEBUG iaofei.dao.IUserDao.updateUser  - <==    Updates: 1
2019-05-13 21:04:34,232 892    [           main] DEBUG ansaction.jdbc.JdbcTransaction  - Committing JDBC Connection [com.mysql.cj.jdbc.ConnectionImpl@188d8b8]
2019-05-13 21:04:34,241 901    [           main] DEBUG ansaction.jdbc.JdbcTransaction  - Resetting autocommit to true on JDBC Connection [com.mysql.cj.jdbc.ConnectionImpl@188d8b8]
2019-05-13 21:04:34,241 901    [           main] DEBUG ansaction.jdbc.JdbcTransaction  - Closing JDBC Connection [com.mysql.cj.jdbc.ConnectionImpl@188d8b8]
2019-05-13 21:04:34,241 901    [           main] DEBUG source.pooled.PooledDataSource  - Returned connection 25745592 to pool.
2019-05-13 21:09:32,102 0      [           main] DEBUG ache.ibatis.logging.LogFactory  - Logging initialized using 'class org.apache.ibatis.logging.log4j.Log4jImpl' adapter.
2019-05-13 21:09:32,116 14     [           main] DEBUG source.pooled.PooledDataSource  - PooledDataSource forcefully closed/removed all connections.
2019-05-13 21:09:32,116 14     [           main] DEBUG source.pooled.PooledDataSource  - PooledDataSource forcefully closed/removed all connections.
2019-05-13 21:09:32,116 14     [           main] DEBUG source.pooled.PooledDataSource  - PooledDataSource forcefully closed/removed all connections.
2019-05-13 21:09:32,116 14     [           main] DEBUG source.pooled.PooledDataSource  - PooledDataSource forcefully closed/removed all connections.
2019-05-13 21:09:32,198 96     [           main] DEBUG ansaction.jdbc.JdbcTransaction  - Opening JDBC Connection
2019-05-13 21:09:32,979 877    [           main] DEBUG source.pooled.PooledDataSource  - Created connection 25745592.
2019-05-13 21:09:32,980 878    [           main] DEBUG ansaction.jdbc.JdbcTransaction  - Setting autocommit to false on JDBC Connection [com.mysql.cj.jdbc.ConnectionImpl@188d8b8]
2019-05-13 21:09:32,983 881    [           main] DEBUG iaofei.dao.IUserDao.deleteUser  - ==>  Preparing: delete from user where id = ?; 
2019-05-13 21:09:33,006 904    [           main] DEBUG iaofei.dao.IUserDao.deleteUser  - ==> Parameters: 48(Integer)
2019-05-13 21:09:33,010 908    [           main] DEBUG iaofei.dao.IUserDao.deleteUser  - <==    Updates: 1
2019-05-13 21:09:33,010 908    [           main] DEBUG ansaction.jdbc.JdbcTransaction  - Committing JDBC Connection [com.mysql.cj.jdbc.ConnectionImpl@188d8b8]
2019-05-13 21:09:33,017 915    [           main] DEBUG ansaction.jdbc.JdbcTransaction  - Resetting autocommit to true on JDBC Connection [com.mysql.cj.jdbc.ConnectionImpl@188d8b8]
2019-05-13 21:09:33,018 916    [           main] DEBUG ansaction.jdbc.JdbcTransaction  - Closing JDBC Connection [com.mysql.cj.jdbc.ConnectionImpl@188d8b8]
2019-05-13 21:09:33,018 916    [           main] DEBUG source.pooled.PooledDataSource  - Returned connection 25745592 to pool.
2019-05-13 21:15:39,494 0      [           main] DEBUG ache.ibatis.logging.LogFactory  - Logging initialized using 'class org.apache.ibatis.logging.log4j.Log4jImpl' adapter.
2019-05-13 21:15:39,507 13     [           main] DEBUG source.pooled.PooledDataSource  - PooledDataSource forcefully closed/removed all connections.
2019-05-13 21:15:39,507 13     [           main] DEBUG source.pooled.PooledDataSource  - PooledDataSource forcefully closed/removed all connections.
2019-05-13 21:15:39,507 13     [           main] DEBUG source.pooled.PooledDataSource  - PooledDataSource forcefully closed/removed all connections.
2019-05-13 21:15:39,507 13     [           main] DEBUG source.pooled.PooledDataSource  - PooledDataSource forcefully closed/removed all connections.
2019-05-13 21:15:39,584 90     [           main] DEBUG ansaction.jdbc.JdbcTransaction  - Opening JDBC Connection
2019-05-13 21:15:40,337 843    [           main] DEBUG source.pooled.PooledDataSource  - Created connection 25625839.
2019-05-13 21:15:40,337 843    [           main] DEBUG ansaction.jdbc.JdbcTransaction  - Setting autocommit to false on JDBC Connection [com.mysql.cj.jdbc.ConnectionImpl@18704ef]
2019-05-13 21:15:40,341 847    [           main] DEBUG ixiaofei.dao.IUserDao.findById  - ==>  Preparing: select * from user where id = ? 
2019-05-13 21:15:40,364 870    [           main] DEBUG ixiaofei.dao.IUserDao.findById  - ==> Parameters: 48(Integer)
2019-05-13 21:15:40,380 886    [           main] DEBUG ixiaofei.dao.IUserDao.findById  - <==      Total: 0
2019-05-13 21:15:40,382 888    [           main] DEBUG ansaction.jdbc.JdbcTransaction  - Resetting autocommit to true on JDBC Connection [com.mysql.cj.jdbc.ConnectionImpl@18704ef]
2019-05-13 21:15:40,382 888    [           main] DEBUG ansaction.jdbc.JdbcTransaction  - Closing JDBC Connection [com.mysql.cj.jdbc.ConnectionImpl@18704ef]
2019-05-13 21:15:40,382 888    [           main] DEBUG source.pooled.PooledDataSource  - Returned connection 25625839 to pool.
2019-05-13 21:16:10,392 0      [           main] DEBUG ache.ibatis.logging.LogFactory  - Logging initialized using 'class org.apache.ibatis.logging.log4j.Log4jImpl' adapter.
2019-05-13 21:16:10,405 13     [           main] DEBUG source.pooled.PooledDataSource  - PooledDataSource forcefully closed/removed all connections.
2019-05-13 21:16:10,405 13     [           main] DEBUG source.pooled.PooledDataSource  - PooledDataSource forcefully closed/removed all connections.
2019-05-13 21:16:10,405 13     [           main] DEBUG source.pooled.PooledDataSource  - PooledDataSource forcefully closed/removed all connections.
2019-05-13 21:16:10,405 13     [           main] DEBUG source.pooled.PooledDataSource  - PooledDataSource forcefully closed/removed all connections.
2019-05-13 21:16:10,483 91     [           main] DEBUG ansaction.jdbc.JdbcTransaction  - Opening JDBC Connection
2019-05-13 21:16:11,285 893    [           main] DEBUG source.pooled.PooledDataSource  - Created connection 25625839.
2019-05-13 21:16:11,285 893    [           main] DEBUG ansaction.jdbc.JdbcTransaction  - Setting autocommit to false on JDBC Connection [com.mysql.cj.jdbc.ConnectionImpl@18704ef]
2019-05-13 21:16:11,289 897    [           main] DEBUG ixiaofei.dao.IUserDao.findById  - ==>  Preparing: select * from user where id = ? 
2019-05-13 21:16:11,311 919    [           main] DEBUG ixiaofei.dao.IUserDao.findById  - ==> Parameters: 50(Integer)
2019-05-13 21:16:11,327 935    [           main] DEBUG ixiaofei.dao.IUserDao.findById  - <==      Total: 0
2019-05-13 21:16:11,329 937    [           main] DEBUG ansaction.jdbc.JdbcTransaction  - Resetting autocommit to true on JDBC Connection [com.mysql.cj.jdbc.ConnectionImpl@18704ef]
2019-05-13 21:16:11,329 937    [           main] DEBUG ansaction.jdbc.JdbcTransaction  - Closing JDBC Connection [com.mysql.cj.jdbc.ConnectionImpl@18704ef]
2019-05-13 21:16:11,329 937    [           main] DEBUG source.pooled.PooledDataSource  - Returned connection 25625839 to pool.
2019-05-13 21:16:35,491 0      [           main] DEBUG ache.ibatis.logging.LogFactory  - Logging initialized using 'class org.apache.ibatis.logging.log4j.Log4jImpl' adapter.
2019-05-13 21:16:35,504 13     [           main] DEBUG source.pooled.PooledDataSource  - PooledDataSource forcefully closed/removed all connections.
2019-05-13 21:16:35,505 14     [           main] DEBUG source.pooled.PooledDataSource  - PooledDataSource forcefully closed/removed all connections.
2019-05-13 21:16:35,505 14     [           main] DEBUG source.pooled.PooledDataSource  - PooledDataSource forcefully closed/removed all connections.
2019-05-13 21:16:35,505 14     [           main] DEBUG source.pooled.PooledDataSource  - PooledDataSource forcefully closed/removed all connections.
2019-05-13 21:16:35,586 95     [           main] DEBUG ansaction.jdbc.JdbcTransaction  - Opening JDBC Connection
2019-05-13 21:16:36,378 887    [           main] DEBUG source.pooled.PooledDataSource  - Created connection 25625839.
2019-05-13 21:16:36,378 887    [           main] DEBUG ansaction.jdbc.JdbcTransaction  - Setting autocommit to false on JDBC Connection [com.mysql.cj.jdbc.ConnectionImpl@18704ef]
2019-05-13 21:16:36,382 891    [           main] DEBUG ixiaofei.dao.IUserDao.findById  - ==>  Preparing: select * from user where id = ? 
2019-05-13 21:16:36,405 914    [           main] DEBUG ixiaofei.dao.IUserDao.findById  - ==> Parameters: 49(Integer)
2019-05-13 21:16:36,425 934    [           main] DEBUG ixiaofei.dao.IUserDao.findById  - <==      Total: 1
2019-05-13 21:16:36,426 935    [           main] DEBUG ansaction.jdbc.JdbcTransaction  - Resetting autocommit to true on JDBC Connection [com.mysql.cj.jdbc.ConnectionImpl@18704ef]
2019-05-13 21:16:36,427 936    [           main] DEBUG ansaction.jdbc.JdbcTransaction  - Closing JDBC Connection [com.mysql.cj.jdbc.ConnectionImpl@18704ef]
2019-05-13 21:16:36,427 936    [           main] DEBUG source.pooled.PooledDataSource  - Returned connection 25625839 to pool.
2019-05-13 21:49:31,499 0      [           main] DEBUG ache.ibatis.logging.LogFactory  - Logging initialized using 'class org.apache.ibatis.logging.log4j.Log4jImpl' adapter.
2019-05-13 21:49:31,512 13     [           main] DEBUG source.pooled.PooledDataSource  - PooledDataSource forcefully closed/removed all connections.
2019-05-13 21:49:31,512 13     [           main] DEBUG source.pooled.PooledDataSource  - PooledDataSource forcefully closed/removed all connections.
2019-05-13 21:49:31,512 13     [           main] DEBUG source.pooled.PooledDataSource  - PooledDataSource forcefully closed/removed all connections.
2019-05-13 21:49:31,512 13     [           main] DEBUG source.pooled.PooledDataSource  - PooledDataSource forcefully closed/removed all connections.
2019-05-13 21:49:31,594 95     [           main] DEBUG ansaction.jdbc.JdbcTransaction  - Opening JDBC Connection
2019-05-13 21:49:32,435 936    [           main] DEBUG source.pooled.PooledDataSource  - Created connection 25625839.
2019-05-13 21:49:32,435 936    [           main] DEBUG ansaction.jdbc.JdbcTransaction  - Setting autocommit to false on JDBC Connection [com.mysql.cj.jdbc.ConnectionImpl@18704ef]
2019-05-13 21:49:32,439 940    [           main] DEBUG iaofei.dao.IUserDao.findByName  - ==>  Preparing: select * from user where username like ? 
2019-05-13 21:49:32,461 962    [           main] DEBUG iaofei.dao.IUserDao.findByName  - ==> Parameters: %王%(String)
2019-05-13 21:49:32,483 984    [           main] DEBUG iaofei.dao.IUserDao.findByName  - <==      Total: 4
2019-05-13 21:49:32,485 986    [           main] DEBUG ansaction.jdbc.JdbcTransaction  - Resetting autocommit to true on JDBC Connection [com.mysql.cj.jdbc.ConnectionImpl@18704ef]
2019-05-13 21:49:32,485 986    [           main] DEBUG ansaction.jdbc.JdbcTransaction  - Closing JDBC Connection [com.mysql.cj.jdbc.ConnectionImpl@18704ef]
2019-05-13 21:49:32,485 986    [           main] DEBUG source.pooled.PooledDataSource  - Returned connection 25625839 to pool.
2019-05-13 21:53:13,178 0      [           main] DEBUG ache.ibatis.logging.LogFactory  - Logging initialized using 'class org.apache.ibatis.logging.log4j.Log4jImpl' adapter.
2019-05-13 21:53:13,190 12     [           main] DEBUG source.pooled.PooledDataSource  - PooledDataSource forcefully closed/removed all connections.
2019-05-13 21:53:13,191 13     [           main] DEBUG source.pooled.PooledDataSource  - PooledDataSource forcefully closed/removed all connections.
2019-05-13 21:53:13,191 13     [           main] DEBUG source.pooled.PooledDataSource  - PooledDataSource forcefully closed/removed all connections.
2019-05-13 21:53:13,191 13     [           main] DEBUG source.pooled.PooledDataSource  - PooledDataSource forcefully closed/removed all connections.
2019-05-13 21:53:13,263 85     [           main] DEBUG ansaction.jdbc.JdbcTransaction  - Opening JDBC Connection
2019-05-13 21:53:14,026 848    [           main] DEBUG source.pooled.PooledDataSource  - Created connection 13732217.
2019-05-13 21:53:14,027 849    [           main] DEBUG ansaction.jdbc.JdbcTransaction  - Setting autocommit to false on JDBC Connection [com.mysql.cj.jdbc.ConnectionImpl@d18979]
2019-05-13 21:53:14,030 852    [           main] DEBUG xiaofei.dao.IUserDao.findTotal  - ==>  Preparing: select count(id) from user 
2019-05-13 21:53:14,052 874    [           main] DEBUG xiaofei.dao.IUserDao.findTotal  - ==> Parameters: 
2019-05-13 21:53:14,071 893    [           main] DEBUG xiaofei.dao.IUserDao.findTotal  - <==      Total: 1
2019-05-13 21:53:14,073 895    [           main] DEBUG ansaction.jdbc.JdbcTransaction  - Resetting autocommit to true on JDBC Connection [com.mysql.cj.jdbc.ConnectionImpl@d18979]
2019-05-13 21:53:14,073 895    [           main] DEBUG ansaction.jdbc.JdbcTransaction  - Closing JDBC Connection [com.mysql.cj.jdbc.ConnectionImpl@d18979]
2019-05-13 21:53:14,073 895    [           main] DEBUG source.pooled.PooledDataSource  - Returned connection 13732217 to pool.
2019-05-13 21:54:16,904 0      [           main] DEBUG ache.ibatis.logging.LogFactory  - Logging initialized using 'class org.apache.ibatis.logging.log4j.Log4jImpl' adapter.
2019-05-13 21:54:16,918 14     [           main] DEBUG source.pooled.PooledDataSource  - PooledDataSource forcefully closed/removed all connections.
2019-05-13 21:54:16,918 14     [           main] DEBUG source.pooled.PooledDataSource  - PooledDataSource forcefully closed/removed all connections.
2019-05-13 21:54:16,918 14     [           main] DEBUG source.pooled.PooledDataSource  - PooledDataSource forcefully closed/removed all connections.
2019-05-13 21:54:16,918 14     [           main] DEBUG source.pooled.PooledDataSource  - PooledDataSource forcefully closed/removed all connections.
2019-05-13 21:54:17,002 98     [           main] DEBUG ansaction.jdbc.JdbcTransaction  - Opening JDBC Connection
2019-05-13 21:54:17,815 911    [           main] DEBUG source.pooled.PooledDataSource  - Created connection 13732217.
2019-05-13 21:54:17,815 911    [           main] DEBUG ansaction.jdbc.JdbcTransaction  - Setting autocommit to false on JDBC Connection [com.mysql.cj.jdbc.ConnectionImpl@d18979]
2019-05-13 21:54:17,819 915    [           main] DEBUG xiaofei.dao.IUserDao.findTotal  - ==>  Preparing: select count(id) from user 
2019-05-13 21:54:17,840 936    [           main] DEBUG xiaofei.dao.IUserDao.findTotal  - ==> Parameters: 
2019-05-13 21:54:17,859 955    [           main] DEBUG xiaofei.dao.IUserDao.findTotal  - <==      Total: 1
2019-05-13 21:54:17,861 957    [           main] DEBUG ansaction.jdbc.JdbcTransaction  - Resetting autocommit to true on JDBC Connection [com.mysql.cj.jdbc.ConnectionImpl@d18979]
2019-05-13 21:54:17,861 957    [           main] DEBUG ansaction.jdbc.JdbcTransaction  - Closing JDBC Connection [com.mysql.cj.jdbc.ConnectionImpl@d18979]
2019-05-13 21:54:17,862 958    [           main] DEBUG source.pooled.PooledDataSource  - Returned connection 13732217 to pool.
2019-05-13 21:56:36,241 0      [           main] DEBUG ache.ibatis.logging.LogFactory  - Logging initialized using 'class org.apache.ibatis.logging.log4j.Log4jImpl' adapter.
2019-05-13 21:56:36,254 13     [           main] DEBUG source.pooled.PooledDataSource  - PooledDataSource forcefully closed/removed all connections.
2019-05-13 21:56:36,254 13     [           main] DEBUG source.pooled.PooledDataSource  - PooledDataSource forcefully closed/removed all connections.
2019-05-13 21:56:36,254 13     [           main] DEBUG source.pooled.PooledDataSource  - PooledDataSource forcefully closed/removed all connections.
2019-05-13 21:56:36,254 13     [           main] DEBUG source.pooled.PooledDataSource  - PooledDataSource forcefully closed/removed all connections.
2019-05-13 21:56:36,330 89     [           main] DEBUG ansaction.jdbc.JdbcTransaction  - Opening JDBC Connection
2019-05-13 21:56:37,142 901    [           main] DEBUG source.pooled.PooledDataSource  - Created connection 13732217.
2019-05-13 21:56:37,142 901    [           main] DEBUG ansaction.jdbc.JdbcTransaction  - Setting autocommit to false on JDBC Connection [com.mysql.cj.jdbc.ConnectionImpl@d18979]
2019-05-13 21:56:37,146 905    [           main] DEBUG xiaofei.dao.IUserDao.findTotal  - ==>  Preparing: select count(id) from user 
2019-05-13 21:56:37,171 930    [           main] DEBUG xiaofei.dao.IUserDao.findTotal  - ==> Parameters: 
2019-05-13 21:56:37,188 947    [           main] DEBUG xiaofei.dao.IUserDao.findTotal  - <==      Total: 1
2019-05-13 21:56:37,189 948    [           main] DEBUG ansaction.jdbc.JdbcTransaction  - Resetting autocommit to true on JDBC Connection [com.mysql.cj.jdbc.ConnectionImpl@d18979]
2019-05-13 21:56:37,190 949    [           main] DEBUG ansaction.jdbc.JdbcTransaction  - Closing JDBC Connection [com.mysql.cj.jdbc.ConnectionImpl@d18979]
2019-05-13 21:56:37,190 949    [           main] DEBUG source.pooled.PooledDataSource  - Returned connection 13732217 to pool.
2019-05-13 22:04:00,099 0      [           main] DEBUG ache.ibatis.logging.LogFactory  - Logging initialized using 'class org.apache.ibatis.logging.log4j.Log4jImpl' adapter.
2019-05-13 22:04:00,114 15     [           main] DEBUG source.pooled.PooledDataSource  - PooledDataSource forcefully closed/removed all connections.
2019-05-13 22:04:00,114 15     [           main] DEBUG source.pooled.PooledDataSource  - PooledDataSource forcefully closed/removed all connections.
2019-05-13 22:04:00,114 15     [           main] DEBUG source.pooled.PooledDataSource  - PooledDataSource forcefully closed/removed all connections.
2019-05-13 22:04:00,114 15     [           main] DEBUG source.pooled.PooledDataSource  - PooledDataSource forcefully closed/removed all connections.
2019-05-13 22:04:00,258 159    [           main] DEBUG ansaction.jdbc.JdbcTransaction  - Opening JDBC Connection
2019-05-13 22:04:01,073 974    [           main] DEBUG source.pooled.PooledDataSource  - Created connection 5118327.
2019-05-13 22:04:01,073 974    [           main] DEBUG ansaction.jdbc.JdbcTransaction  - Setting autocommit to false on JDBC Connection [com.mysql.cj.jdbc.ConnectionImpl@4e1977]
2019-05-13 22:04:01,077 978    [           main] DEBUG iaofei.dao.IUserDao.findByName  - ==>  Preparing: select * from user where username like '%王%' 
2019-05-13 22:04:01,099 1000   [           main] DEBUG iaofei.dao.IUserDao.findByName  - ==> Parameters: 
2019-05-13 22:04:01,116 1017   [           main] DEBUG iaofei.dao.IUserDao.findByName  - <==      Total: 4
2019-05-13 22:04:01,118 1019   [           main] DEBUG ansaction.jdbc.JdbcTransaction  - Resetting autocommit to true on JDBC Connection [com.mysql.cj.jdbc.ConnectionImpl@4e1977]
2019-05-13 22:04:01,118 1019   [           main] DEBUG ansaction.jdbc.JdbcTransaction  - Closing JDBC Connection [com.mysql.cj.jdbc.ConnectionImpl@4e1977]
2019-05-13 22:04:01,118 1019   [           main] DEBUG source.pooled.PooledDataSource  - Returned connection 5118327 to pool.
2019-05-13 22:17:38,547 0      [           main] DEBUG ache.ibatis.logging.LogFactory  - Logging initialized using 'class org.apache.ibatis.logging.log4j.Log4jImpl' adapter.
2019-05-13 22:17:38,563 16     [           main] DEBUG source.pooled.PooledDataSource  - PooledDataSource forcefully closed/removed all connections.
2019-05-13 22:17:38,563 16     [           main] DEBUG source.pooled.PooledDataSource  - PooledDataSource forcefully closed/removed all connections.
2019-05-13 22:17:38,563 16     [           main] DEBUG source.pooled.PooledDataSource  - PooledDataSource forcefully closed/removed all connections.
2019-05-13 22:17:38,563 16     [           main] DEBUG source.pooled.PooledDataSource  - PooledDataSource forcefully closed/removed all connections.
2019-05-13 22:17:38,644 97     [           main] DEBUG ansaction.jdbc.JdbcTransaction  - Opening JDBC Connection
2019-05-13 22:17:39,427 880    [           main] DEBUG source.pooled.PooledDataSource  - Created connection 30192233.
2019-05-13 22:17:39,427 880    [           main] DEBUG ansaction.jdbc.JdbcTransaction  - Setting autocommit to false on JDBC Connection [com.mysql.cj.jdbc.ConnectionImpl@1ccb269]
2019-05-13 22:17:39,431 884    [           main] DEBUG ixiaofei.dao.IUserDao.saveUser  - ==>  Preparing: insert into user(username,address,sex,birthday) value (?,?,?,?); 
2019-05-13 22:17:39,459 912    [           main] DEBUG ixiaofei.dao.IUserDao.saveUser  - ==> Parameters: mybatis last insertId(String), 北京市顺义区(String), 男(String), 2019-05-13 22:17:38.631(Timestamp)
2019-05-13 22:17:39,464 917    [           main] DEBUG ixiaofei.dao.IUserDao.saveUser  - <==    Updates: 1
2019-05-13 22:17:39,466 919    [           main] DEBUG ao.IUserDao.saveUser!selectKey  - ==>  Preparing: select last_insert_id(); 
2019-05-13 22:17:39,466 919    [           main] DEBUG ao.IUserDao.saveUser!selectKey  - ==> Parameters: 
2019-05-13 22:17:39,485 938    [           main] DEBUG ao.IUserDao.saveUser!selectKey  - <==      Total: 1
2019-05-13 22:17:39,486 939    [           main] DEBUG ansaction.jdbc.JdbcTransaction  - Committing JDBC Connection [com.mysql.cj.jdbc.ConnectionImpl@1ccb269]
2019-05-13 22:17:39,544 997    [           main] DEBUG ansaction.jdbc.JdbcTransaction  - Resetting autocommit to true on JDBC Connection [com.mysql.cj.jdbc.ConnectionImpl@1ccb269]
2019-05-13 22:17:39,544 997    [           main] DEBUG ansaction.jdbc.JdbcTransaction  - Closing JDBC Connection [com.mysql.cj.jdbc.ConnectionImpl@1ccb269]
2019-05-13 22:17:39,544 997    [           main] DEBUG source.pooled.PooledDataSource  - Returned connection 30192233 to pool.
2019-05-14 14:50:01,881 0      [           main] DEBUG ache.ibatis.logging.LogFactory  - Logging initialized using 'class org.apache.ibatis.logging.log4j.Log4jImpl' adapter.
2019-05-14 14:50:01,952 71     [           main] DEBUG source.pooled.PooledDataSource  - PooledDataSource forcefully closed/removed all connections.
2019-05-14 14:50:01,952 71     [           main] DEBUG source.pooled.PooledDataSource  - PooledDataSource forcefully closed/removed all connections.
2019-05-14 14:50:01,952 71     [           main] DEBUG source.pooled.PooledDataSource  - PooledDataSource forcefully closed/removed all connections.
2019-05-14 14:50:01,952 71     [           main] DEBUG source.pooled.PooledDataSource  - PooledDataSource forcefully closed/removed all connections.
2019-05-14 14:50:02,383 502    [           main] DEBUG ansaction.jdbc.JdbcTransaction  - Opening JDBC Connection
2019-05-14 14:50:04,239 2358   [           main] DEBUG source.pooled.PooledDataSource  - Created connection 29245766.
2019-05-14 14:50:04,240 2359   [           main] DEBUG ansaction.jdbc.JdbcTransaction  - Setting autocommit to false on JDBC Connection [com.mysql.cj.jdbc.ConnectionImpl@1be4146]
2019-05-14 14:50:04,245 2364   [           main] DEBUG ofei.dao.IUserDao.findUserByVo  - ==>  Preparing: select * from user where username like ? 
2019-05-14 14:50:04,287 2406   [           main] DEBUG ofei.dao.IUserDao.findUserByVo  - ==> Parameters: 小胖(String)
2019-05-14 14:50:04,338 2457   [           main] DEBUG ofei.dao.IUserDao.findUserByVo  - <==      Total: 0
2019-05-14 14:50:04,340 2459   [           main] DEBUG ansaction.jdbc.JdbcTransaction  - Resetting autocommit to true on JDBC Connection [com.mysql.cj.jdbc.ConnectionImpl@1be4146]
2019-05-14 14:50:04,340 2459   [           main] DEBUG ansaction.jdbc.JdbcTransaction  - Closing JDBC Connection [com.mysql.cj.jdbc.ConnectionImpl@1be4146]
2019-05-14 14:50:04,340 2459   [           main] DEBUG source.pooled.PooledDataSource  - Returned connection 29245766 to pool.
2019-05-14 14:52:51,218 0      [           main] DEBUG ache.ibatis.logging.LogFactory  - Logging initialized using 'class org.apache.ibatis.logging.log4j.Log4jImpl' adapter.
2019-05-14 14:52:51,234 16     [           main] DEBUG source.pooled.PooledDataSource  - PooledDataSource forcefully closed/removed all connections.
2019-05-14 14:52:51,234 16     [           main] DEBUG source.pooled.PooledDataSource  - PooledDataSource forcefully closed/removed all connections.
2019-05-14 14:52:51,234 16     [           main] DEBUG source.pooled.PooledDataSource  - PooledDataSource forcefully closed/removed all connections.
2019-05-14 14:52:51,234 16     [           main] DEBUG source.pooled.PooledDataSource  - PooledDataSource forcefully closed/removed all connections.
2019-05-14 14:52:51,342 124    [           main] DEBUG ansaction.jdbc.JdbcTransaction  - Opening JDBC Connection
2019-05-14 14:52:52,323 1105   [           main] DEBUG source.pooled.PooledDataSource  - Created connection 29245766.
2019-05-14 14:52:52,323 1105   [           main] DEBUG ansaction.jdbc.JdbcTransaction  - Setting autocommit to false on JDBC Connection [com.mysql.cj.jdbc.ConnectionImpl@1be4146]
2019-05-14 14:52:52,328 1110   [           main] DEBUG ofei.dao.IUserDao.findUserByVo  - ==>  Preparing: select * from user where username like ? 
2019-05-14 14:52:52,352 1134   [           main] DEBUG ofei.dao.IUserDao.findUserByVo  - ==> Parameters: %王%(String)
2019-05-14 14:52:52,375 1157   [           main] DEBUG ofei.dao.IUserDao.findUserByVo  - <==      Total: 4
2019-05-14 14:52:52,376 1158   [           main] DEBUG ansaction.jdbc.JdbcTransaction  - Resetting autocommit to true on JDBC Connection [com.mysql.cj.jdbc.ConnectionImpl@1be4146]
2019-05-14 14:52:52,377 1159   [           main] DEBUG ansaction.jdbc.JdbcTransaction  - Closing JDBC Connection [com.mysql.cj.jdbc.ConnectionImpl@1be4146]
2019-05-14 14:52:52,377 1159   [           main] DEBUG source.pooled.PooledDataSource  - Returned connection 29245766 to pool.
2019-05-14 16:23:39,969 0      [           main] DEBUG ache.ibatis.logging.LogFactory  - Logging initialized using 'class org.apache.ibatis.logging.log4j.Log4jImpl' adapter.
2019-05-14 16:23:40,054 85     [           main] DEBUG source.pooled.PooledDataSource  - PooledDataSource forcefully closed/removed all connections.
2019-05-14 16:23:40,054 85     [           main] DEBUG source.pooled.PooledDataSource  - PooledDataSource forcefully closed/removed all connections.
2019-05-14 16:23:40,054 85     [           main] DEBUG source.pooled.PooledDataSource  - PooledDataSource forcefully closed/removed all connections.
2019-05-14 16:23:40,054 85     [           main] DEBUG source.pooled.PooledDataSource  - PooledDataSource forcefully closed/removed all connections.
2019-05-14 16:23:40,273 304    [           main] DEBUG ansaction.jdbc.JdbcTransaction  - Opening JDBC Connection
2019-05-14 16:23:41,984 2015   [           main] DEBUG source.pooled.PooledDataSource  - Created connection 29245766.
2019-05-14 16:23:41,984 2015   [           main] DEBUG ansaction.jdbc.JdbcTransaction  - Setting autocommit to false on JDBC Connection [com.mysql.cj.jdbc.ConnectionImpl@1be4146]
2019-05-14 16:23:41,988 2019   [           main] DEBUG ofei.dao.IUserDao.findUserByVo  - ==>  Preparing: select * from user where username like ? 
2019-05-14 16:23:42,016 2047   [           main] DEBUG ofei.dao.IUserDao.findUserByVo  - ==> Parameters: %王%(String)
2019-05-14 16:23:42,048 2079   [           main] DEBUG ofei.dao.IUserDao.findUserByVo  - <==      Total: 4
2019-05-14 16:23:42,050 2081   [           main] DEBUG ansaction.jdbc.JdbcTransaction  - Resetting autocommit to true on JDBC Connection [com.mysql.cj.jdbc.ConnectionImpl@1be4146]
2019-05-14 16:23:42,051 2082   [           main] DEBUG ansaction.jdbc.JdbcTransaction  - Closing JDBC Connection [com.mysql.cj.jdbc.ConnectionImpl@1be4146]
2019-05-14 16:23:42,051 2082   [           main] DEBUG source.pooled.PooledDataSource  - Returned connection 29245766 to pool.
2019-05-14 20:31:05,752 0      [           main] DEBUG ache.ibatis.logging.LogFactory  - Logging initialized using 'class org.apache.ibatis.logging.log4j.Log4jImpl' adapter.
2019-05-14 20:31:05,841 89     [           main] DEBUG source.pooled.PooledDataSource  - PooledDataSource forcefully closed/removed all connections.
2019-05-14 20:31:05,841 89     [           main] DEBUG source.pooled.PooledDataSource  - PooledDataSource forcefully closed/removed all connections.
2019-05-14 20:31:05,841 89     [           main] DEBUG source.pooled.PooledDataSource  - PooledDataSource forcefully closed/removed all connections.
2019-05-14 20:31:05,841 89     [           main] DEBUG source.pooled.PooledDataSource  - PooledDataSource forcefully closed/removed all connections.
2019-05-14 20:31:06,058 306    [           main] DEBUG ansaction.jdbc.JdbcTransaction  - Opening JDBC Connection
2019-05-14 20:31:08,405 2653   [           main] DEBUG source.pooled.PooledDataSource  - Created connection 11105805.
2019-05-14 20:31:08,405 2653   [           main] DEBUG ansaction.jdbc.JdbcTransaction  - Setting autocommit to false on JDBC Connection [com.mysql.cj.jdbc.ConnectionImpl@a9760d]
2019-05-14 20:31:08,446 2694   [           main] DEBUG uixiaofei.dao.IUserDao.findAll  - ==>  Preparing: select * from user; 
2019-05-14 20:31:08,523 2771   [           main] DEBUG uixiaofei.dao.IUserDao.findAll  - ==> Parameters: 
2019-05-14 20:31:08,590 2838   [           main] DEBUG uixiaofei.dao.IUserDao.findAll  - <==      Total: 7
2019-05-14 20:31:08,592 2840   [           main] DEBUG ansaction.jdbc.JdbcTransaction  - Resetting autocommit to true on JDBC Connection [com.mysql.cj.jdbc.ConnectionImpl@a9760d]
2019-05-14 20:31:08,595 2843   [           main] DEBUG ansaction.jdbc.JdbcTransaction  - Closing JDBC Connection [com.mysql.cj.jdbc.ConnectionImpl@a9760d]
2019-05-14 20:31:08,595 2843   [           main] DEBUG source.pooled.PooledDataSource  - Returned connection 11105805 to pool.
2019-05-14 20:33:05,574 0      [           main] DEBUG ache.ibatis.logging.LogFactory  - Logging initialized using 'class org.apache.ibatis.logging.log4j.Log4jImpl' adapter.
2019-05-14 20:33:05,608 34     [           main] DEBUG source.pooled.PooledDataSource  - PooledDataSource forcefully closed/removed all connections.
2019-05-14 20:33:05,608 34     [           main] DEBUG source.pooled.PooledDataSource  - PooledDataSource forcefully closed/removed all connections.
2019-05-14 20:33:05,608 34     [           main] DEBUG source.pooled.PooledDataSource  - PooledDataSource forcefully closed/removed all connections.
2019-05-14 20:33:05,609 35     [           main] DEBUG source.pooled.PooledDataSource  - PooledDataSource forcefully closed/removed all connections.
2019-05-14 20:33:05,769 195    [           main] DEBUG ansaction.jdbc.JdbcTransaction  - Opening JDBC Connection
2019-05-14 20:33:07,353 1779   [           main] DEBUG source.pooled.PooledDataSource  - Created connection 11105805.
2019-05-14 20:33:07,353 1779   [           main] DEBUG ansaction.jdbc.JdbcTransaction  - Setting autocommit to false on JDBC Connection [com.mysql.cj.jdbc.ConnectionImpl@a9760d]
2019-05-14 20:33:07,387 1813   [           main] DEBUG uixiaofei.dao.IUserDao.findAll  - ==>  Preparing: select * from user; 
2019-05-14 20:33:07,428 1854   [           main] DEBUG uixiaofei.dao.IUserDao.findAll  - ==> Parameters: 
2019-05-14 20:33:07,463 1889   [           main] DEBUG uixiaofei.dao.IUserDao.findAll  - <==      Total: 7
2019-05-14 20:33:07,465 1891   [           main] DEBUG ansaction.jdbc.JdbcTransaction  - Resetting autocommit to true on JDBC Connection [com.mysql.cj.jdbc.ConnectionImpl@a9760d]
2019-05-14 20:33:07,465 1891   [           main] DEBUG ansaction.jdbc.JdbcTransaction  - Closing JDBC Connection [com.mysql.cj.jdbc.ConnectionImpl@a9760d]
2019-05-14 20:33:07,465 1891   [           main] DEBUG source.pooled.PooledDataSource  - Returned connection 11105805 to pool.
2019-05-14 21:44:25,683 0      [           main] DEBUG ache.ibatis.logging.LogFactory  - Logging initialized using 'class org.apache.ibatis.logging.log4j.Log4jImpl' adapter.
2019-05-14 21:44:25,766 83     [           main] DEBUG source.pooled.PooledDataSource  - PooledDataSource forcefully closed/removed all connections.
2019-05-14 21:44:25,766 83     [           main] DEBUG source.pooled.PooledDataSource  - PooledDataSource forcefully closed/removed all connections.
2019-05-14 21:44:25,766 83     [           main] DEBUG source.pooled.PooledDataSource  - PooledDataSource forcefully closed/removed all connections.
2019-05-14 21:44:25,766 83     [           main] DEBUG source.pooled.PooledDataSource  - PooledDataSource forcefully closed/removed all connections.
2019-05-14 21:44:25,955 272    [           main] DEBUG ansaction.jdbc.JdbcTransaction  - Opening JDBC Connection
2019-05-14 21:44:27,467 1784   [           main] DEBUG source.pooled.PooledDataSource  - Created connection 15460496.
2019-05-14 21:44:27,468 1785   [           main] DEBUG ansaction.jdbc.JdbcTransaction  - Setting autocommit to false on JDBC Connection [com.mysql.cj.jdbc.ConnectionImpl@ebe890]
2019-05-14 21:44:27,472 1789   [           main] DEBUG ixiaofei.dao.IUserDao.findById  - ==>  Preparing: select * from user where id = ? 
2019-05-14 21:44:27,507 1824   [           main] DEBUG ixiaofei.dao.IUserDao.findById  - ==> Parameters: 49(Integer)
2019-05-14 21:44:27,542 1859   [           main] DEBUG ixiaofei.dao.IUserDao.findById  - <==      Total: 1
2019-05-14 21:44:27,544 1861   [           main] DEBUG ansaction.jdbc.JdbcTransaction  - Resetting autocommit to true on JDBC Connection [com.mysql.cj.jdbc.ConnectionImpl@ebe890]
2019-05-14 21:44:27,545 1862   [           main] DEBUG ansaction.jdbc.JdbcTransaction  - Closing JDBC Connection [com.mysql.cj.jdbc.ConnectionImpl@ebe890]
2019-05-14 21:44:27,545 1862   [           main] DEBUG source.pooled.PooledDataSource  - Returned connection 15460496 to pool.
2019-05-14 21:44:44,277 0      [           main] DEBUG ache.ibatis.logging.LogFactory  - Logging initialized using 'class org.apache.ibatis.logging.log4j.Log4jImpl' adapter.
2019-05-14 21:44:44,290 13     [           main] DEBUG source.pooled.PooledDataSource  - PooledDataSource forcefully closed/removed all connections.
2019-05-14 21:44:44,290 13     [           main] DEBUG source.pooled.PooledDataSource  - PooledDataSource forcefully closed/removed all connections.
2019-05-14 21:44:44,290 13     [           main] DEBUG source.pooled.PooledDataSource  - PooledDataSource forcefully closed/removed all connections.
2019-05-14 21:44:44,290 13     [           main] DEBUG source.pooled.PooledDataSource  - PooledDataSource forcefully closed/removed all connections.
2019-05-14 21:44:44,380 103    [           main] DEBUG ansaction.jdbc.JdbcTransaction  - Opening JDBC Connection
2019-05-14 21:44:45,169 892    [           main] DEBUG source.pooled.PooledDataSource  - Created connection 6746613.
2019-05-14 21:44:45,169 892    [           main] DEBUG ansaction.jdbc.JdbcTransaction  - Setting autocommit to false on JDBC Connection [com.mysql.cj.jdbc.ConnectionImpl@66f1f5]
2019-05-14 21:44:45,173 896    [           main] DEBUG ixiaofei.dao.IUserDao.saveUser  - ==>  Preparing: insert into user(username,address,sex,birthday) value (?,?,?,?); 
2019-05-14 21:44:45,194 917    [           main] DEBUG ansaction.jdbc.JdbcTransaction  - Committing JDBC Connection [com.mysql.cj.jdbc.ConnectionImpl@66f1f5]
2019-05-14 21:44:45,196 919    [           main] DEBUG ansaction.jdbc.JdbcTransaction  - Resetting autocommit to true on JDBC Connection [com.mysql.cj.jdbc.ConnectionImpl@66f1f5]
2019-05-14 21:44:45,196 919    [           main] DEBUG ansaction.jdbc.JdbcTransaction  - Closing JDBC Connection [com.mysql.cj.jdbc.ConnectionImpl@66f1f5]
2019-05-14 21:44:45,196 919    [           main] DEBUG source.pooled.PooledDataSource  - Returned connection 6746613 to pool.
2019-05-14 21:47:56,924 0      [           main] DEBUG ache.ibatis.logging.LogFactory  - Logging initialized using 'class org.apache.ibatis.logging.log4j.Log4jImpl' adapter.
2019-05-14 21:47:56,939 15     [           main] DEBUG source.pooled.PooledDataSource  - PooledDataSource forcefully closed/removed all connections.
2019-05-14 21:47:56,939 15     [           main] DEBUG source.pooled.PooledDataSource  - PooledDataSource forcefully closed/removed all connections.
2019-05-14 21:47:56,939 15     [           main] DEBUG source.pooled.PooledDataSource  - PooledDataSource forcefully closed/removed all connections.
2019-05-14 21:47:56,939 15     [           main] DEBUG source.pooled.PooledDataSource  - PooledDataSource forcefully closed/removed all connections.
2019-05-14 21:47:57,038 114    [           main] DEBUG ansaction.jdbc.JdbcTransaction  - Opening JDBC Connection
2019-05-14 21:47:57,859 935    [           main] DEBUG source.pooled.PooledDataSource  - Created connection 29245766.
2019-05-14 21:47:57,860 936    [           main] DEBUG ansaction.jdbc.JdbcTransaction  - Setting autocommit to false on JDBC Connection [com.mysql.cj.jdbc.ConnectionImpl@1be4146]
2019-05-14 21:47:57,865 941    [           main] DEBUG ixiaofei.dao.IUserDao.saveUser  - ==>  Preparing: insert into user(username,address,sex,birthday) value (?,?,?,?); 
2019-05-14 21:47:57,891 967    [           main] DEBUG ixiaofei.dao.IUserDao.saveUser  - ==> Parameters: mybatis Test insertId(String), 北京市东城区(String), 女(String), 2019-05-14 21:47:57.014(Timestamp)
2019-05-14 21:47:57,937 1013   [           main] DEBUG ixiaofei.dao.IUserDao.saveUser  - <==    Updates: 1
2019-05-14 21:47:57,939 1015   [           main] DEBUG ao.IUserDao.saveUser!selectKey  - ==>  Preparing: select last_insert_id(); 
2019-05-14 21:47:57,939 1015   [           main] DEBUG ao.IUserDao.saveUser!selectKey  - ==> Parameters: 
2019-05-14 21:47:57,963 1039   [           main] DEBUG ao.IUserDao.saveUser!selectKey  - <==      Total: 1
2019-05-14 21:47:57,965 1041   [           main] DEBUG ansaction.jdbc.JdbcTransaction  - Committing JDBC Connection [com.mysql.cj.jdbc.ConnectionImpl@1be4146]
2019-05-14 21:47:57,971 1047   [           main] DEBUG ansaction.jdbc.JdbcTransaction  - Resetting autocommit to true on JDBC Connection [com.mysql.cj.jdbc.ConnectionImpl@1be4146]
2019-05-14 21:47:57,971 1047   [           main] DEBUG ansaction.jdbc.JdbcTransaction  - Closing JDBC Connection [com.mysql.cj.jdbc.ConnectionImpl@1be4146]
2019-05-14 21:47:57,971 1047   [           main] DEBUG source.pooled.PooledDataSource  - Returned connection 29245766 to pool.
2019-05-14 21:48:58,417 0      [           main] DEBUG ache.ibatis.logging.LogFactory  - Logging initialized using 'class org.apache.ibatis.logging.log4j.Log4jImpl' adapter.
2019-05-14 21:48:58,432 15     [           main] DEBUG source.pooled.PooledDataSource  - PooledDataSource forcefully closed/removed all connections.
2019-05-14 21:48:58,433 16     [           main] DEBUG source.pooled.PooledDataSource  - PooledDataSource forcefully closed/removed all connections.
2019-05-14 21:48:58,433 16     [           main] DEBUG source.pooled.PooledDataSource  - PooledDataSource forcefully closed/removed all connections.
2019-05-14 21:48:58,433 16     [           main] DEBUG source.pooled.PooledDataSource  - PooledDataSource forcefully closed/removed all connections.
2019-05-14 21:48:58,521 104    [           main] DEBUG ansaction.jdbc.JdbcTransaction  - Opening JDBC Connection
2019-05-14 21:48:59,376 959    [           main] DEBUG source.pooled.PooledDataSource  - Created connection 6746613.
2019-05-14 21:48:59,376 959    [           main] DEBUG ansaction.jdbc.JdbcTransaction  - Setting autocommit to false on JDBC Connection [com.mysql.cj.jdbc.ConnectionImpl@66f1f5]
2019-05-14 21:48:59,380 963    [           main] DEBUG ixiaofei.dao.IUserDao.saveUser  - ==>  Preparing: insert into user(username,address,sex,birthday) value (?,?,?,?); 
2019-05-14 21:48:59,409 992    [           main] DEBUG ixiaofei.dao.IUserDao.saveUser  - ==> Parameters: mybatis Test insertId(String), 北京市东城区(String), 女(String), 2019-05-14 21:48:58.505(Timestamp)
2019-05-14 21:48:59,414 997    [           main] DEBUG ixiaofei.dao.IUserDao.saveUser  - <==    Updates: 1
2019-05-14 21:48:59,416 999    [           main] DEBUG ao.IUserDao.saveUser!selectKey  - ==>  Preparing: select last_insert_id(); 
2019-05-14 21:48:59,416 999    [           main] DEBUG ao.IUserDao.saveUser!selectKey  - ==> Parameters: 
2019-05-14 21:48:59,432 1015   [           main] DEBUG ao.IUserDao.saveUser!selectKey  - <==      Total: 1
2019-05-14 21:48:59,434 1017   [           main] DEBUG ansaction.jdbc.JdbcTransaction  - Committing JDBC Connection [com.mysql.cj.jdbc.ConnectionImpl@66f1f5]
2019-05-14 21:48:59,481 1064   [           main] DEBUG ansaction.jdbc.JdbcTransaction  - Resetting autocommit to true on JDBC Connection [com.mysql.cj.jdbc.ConnectionImpl@66f1f5]
2019-05-14 21:48:59,481 1064   [           main] DEBUG ansaction.jdbc.JdbcTransaction  - Closing JDBC Connection [com.mysql.cj.jdbc.ConnectionImpl@66f1f5]
2019-05-14 21:48:59,482 1065   [           main] DEBUG source.pooled.PooledDataSource  - Returned connection 6746613 to pool.
2019-05-14 21:49:16,447 0      [           main] DEBUG ache.ibatis.logging.LogFactory  - Logging initialized using 'class org.apache.ibatis.logging.log4j.Log4jImpl' adapter.
2019-05-14 21:49:16,461 14     [           main] DEBUG source.pooled.PooledDataSource  - PooledDataSource forcefully closed/removed all connections.
2019-05-14 21:49:16,461 14     [           main] DEBUG source.pooled.PooledDataSource  - PooledDataSource forcefully closed/removed all connections.
2019-05-14 21:49:16,461 14     [           main] DEBUG source.pooled.PooledDataSource  - PooledDataSource forcefully closed/removed all connections.
2019-05-14 21:49:16,461 14     [           main] DEBUG source.pooled.PooledDataSource  - PooledDataSource forcefully closed/removed all connections.
2019-05-14 21:49:16,553 106    [           main] DEBUG ansaction.jdbc.JdbcTransaction  - Opening JDBC Connection
2019-05-14 21:49:17,356 909    [           main] DEBUG source.pooled.PooledDataSource  - Created connection 6746613.
2019-05-14 21:49:17,357 910    [           main] DEBUG ansaction.jdbc.JdbcTransaction  - Setting autocommit to false on JDBC Connection [com.mysql.cj.jdbc.ConnectionImpl@66f1f5]
2019-05-14 21:49:17,360 913    [           main] DEBUG ixiaofei.dao.IUserDao.saveUser  - ==>  Preparing: insert into user(username,address,sex,birthday) value (?,?,?,?); 
2019-05-14 21:49:17,417 970    [           main] DEBUG ixiaofei.dao.IUserDao.saveUser  - ==> Parameters: mybatis Test insertId(String), 北京市东城区(String), 女(String), 2019-05-14 21:49:16.537(Timestamp)
2019-05-14 21:49:17,422 975    [           main] DEBUG ixiaofei.dao.IUserDao.saveUser  - <==    Updates: 1
2019-05-14 21:49:17,424 977    [           main] DEBUG ao.IUserDao.saveUser!selectKey  - ==>  Preparing: select last_insert_id(); 
2019-05-14 21:49:17,424 977    [           main] DEBUG ao.IUserDao.saveUser!selectKey  - ==> Parameters: 
2019-05-14 21:49:17,441 994    [           main] DEBUG ao.IUserDao.saveUser!selectKey  - <==      Total: 1
2019-05-14 21:49:17,443 996    [           main] DEBUG ansaction.jdbc.JdbcTransaction  - Committing JDBC Connection [com.mysql.cj.jdbc.ConnectionImpl@66f1f5]
2019-05-14 21:49:17,507 1060   [           main] DEBUG ansaction.jdbc.JdbcTransaction  - Resetting autocommit to true on JDBC Connection [com.mysql.cj.jdbc.ConnectionImpl@66f1f5]
2019-05-14 21:49:17,508 1061   [           main] DEBUG ansaction.jdbc.JdbcTransaction  - Closing JDBC Connection [com.mysql.cj.jdbc.ConnectionImpl@66f1f5]
2019-05-14 21:49:17,508 1061   [           main] DEBUG source.pooled.PooledDataSource  - Returned connection 6746613 to pool.
2019-05-14 21:50:43,276 0      [           main] DEBUG ache.ibatis.logging.LogFactory  - Logging initialized using 'class org.apache.ibatis.logging.log4j.Log4jImpl' adapter.
2019-05-14 21:50:43,290 14     [           main] DEBUG source.pooled.PooledDataSource  - PooledDataSource forcefully closed/removed all connections.
2019-05-14 21:50:43,290 14     [           main] DEBUG source.pooled.PooledDataSource  - PooledDataSource forcefully closed/removed all connections.
2019-05-14 21:50:43,290 14     [           main] DEBUG source.pooled.PooledDataSource  - PooledDataSource forcefully closed/removed all connections.
2019-05-14 21:50:43,291 15     [           main] DEBUG source.pooled.PooledDataSource  - PooledDataSource forcefully closed/removed all connections.
2019-05-14 21:50:43,378 102    [           main] DEBUG ansaction.jdbc.JdbcTransaction  - Opening JDBC Connection
2019-05-14 21:50:44,201 925    [           main] DEBUG source.pooled.PooledDataSource  - Created connection 29245766.
2019-05-14 21:50:44,201 925    [           main] DEBUG ansaction.jdbc.JdbcTransaction  - Setting autocommit to false on JDBC Connection [com.mysql.cj.jdbc.ConnectionImpl@1be4146]
2019-05-14 21:50:44,207 931    [           main] DEBUG iaofei.dao.IUserDao.updateUser  - ==>  Preparing: update user set username = ?,address = ?,sex = ?,birthday = ? where id = ? 
2019-05-14 21:50:44,231 955    [           main] DEBUG iaofei.dao.IUserDao.updateUser  - ==> Parameters: mybatis Update user(String), 北京市顺义区(String), 女(String), 2019-05-14 21:50:43.364(Timestamp), 51(Integer)
2019-05-14 21:50:44,242 966    [           main] DEBUG iaofei.dao.IUserDao.updateUser  - <==    Updates: 1
2019-05-14 21:50:44,242 966    [           main] DEBUG ansaction.jdbc.JdbcTransaction  - Committing JDBC Connection [com.mysql.cj.jdbc.ConnectionImpl@1be4146]
2019-05-14 21:50:44,308 1032   [           main] DEBUG ansaction.jdbc.JdbcTransaction  - Resetting autocommit to true on JDBC Connection [com.mysql.cj.jdbc.ConnectionImpl@1be4146]
2019-05-14 21:50:44,308 1032   [           main] DEBUG ansaction.jdbc.JdbcTransaction  - Closing JDBC Connection [com.mysql.cj.jdbc.ConnectionImpl@1be4146]
2019-05-14 21:50:44,309 1033   [           main] DEBUG source.pooled.PooledDataSource  - Returned connection 29245766 to pool.
